<?xml version="1.0" encoding="UTF-8"?>
<testng-results ignored="0" total="1" passed="1" failed="0" skipped="0">
  <reporter-output>
  </reporter-output>
  <suite started-at="2025-01-24T15:12:21 IST" name="Default suite" finished-at="2025-01-24T15:12:27 IST" duration-ms="6191">
    <groups>
    </groups>
    <test started-at="2025-01-24T15:12:21 IST" name="Default test" finished-at="2025-01-24T15:12:27 IST" duration-ms="6191">
      <class name="com.web.projecttest">
        <test-method signature="pagetest()[pri:0, instance:com.web.projecttest@4b45a2f5]" started-at="2025-01-24T15:12:21 IST" name="pagetest" finished-at="2025-01-24T15:12:27 IST" duration-ms="6089" status="PASS">
          <reporter-output>
          </reporter-output>
        </test-method> <!-- pagetest -->
      </class> <!-- com.web.projecttest -->
    </test> <!-- Default test -->
  </suite> <!-- Default suite -->
</testng-results>
